INFO:root:Model: Logistic Regression
INFO:root:Feature selection: Mutual Information
INFO:root:Experiment iterations = 50
INFO:root:Date & time of execution = 2022/12/15 16:16:48
INFO:root:Input samples = 1310
INFO:root:Input features = 4000
INFO:root:Labels: ['Negative', 'Neutral', 'Positive']
INFO:root:EXPERIMENT ITERATION 1
INFO:root:Nº features post-selection = 799
INFO:root:Validation time = 25.84 seconds.
INFO:root:Best validation score (OvR AUC) = 0.806
INFO:root:Best model parameters after validation = {'C': 0.06866488450043001}
INFO:root:Test score (OvR AUC) = 0.801
INFO:root:EXPERIMENT ITERATION 2
INFO:root:Nº features post-selection = 799
INFO:root:Validation time = 25.02 seconds.
INFO:root:Best validation score (OvR AUC) = 0.821
INFO:root:Best model parameters after validation = {'C': 0.05963623316594643}
INFO:root:Test score (OvR AUC) = 0.793
INFO:root:EXPERIMENT ITERATION 3
INFO:root:Nº features post-selection = 799
INFO:root:Validation time = 20.32 seconds.
INFO:root:Best validation score (OvR AUC) = 0.815
INFO:root:Best model parameters after validation = {'C': 0.07906043210907697}
INFO:root:Test score (OvR AUC) = 0.782
INFO:root:EXPERIMENT ITERATION 4
INFO:root:Nº features post-selection = 799
INFO:root:Validation time = 20.97 seconds.
INFO:root:Best validation score (OvR AUC) = 0.806
INFO:root:Best model parameters after validation = {'C': 0.03906939937054617}
INFO:root:Test score (OvR AUC) = 0.780
INFO:root:EXPERIMENT ITERATION 5
INFO:root:Nº features post-selection = 798
INFO:root:Validation time = 20.37 seconds.
INFO:root:Best validation score (OvR AUC) = 0.815
INFO:root:Best model parameters after validation = {'C': 0.0517947467923121}
INFO:root:Test score (OvR AUC) = 0.782
INFO:root:EXPERIMENT ITERATION 6
INFO:root:Nº features post-selection = 800
INFO:root:Validation time = 19.88 seconds.
INFO:root:Best validation score (OvR AUC) = 0.816
INFO:root:Best model parameters after validation = {'C': 0.09102981779915217}
INFO:root:Test score (OvR AUC) = 0.728
INFO:root:EXPERIMENT ITERATION 7
INFO:root:Nº features post-selection = 798
INFO:root:Validation time = 19.95 seconds.
INFO:root:Best validation score (OvR AUC) = 0.820
INFO:root:Best model parameters after validation = {'C': 0.07906043210907697}
INFO:root:Test score (OvR AUC) = 0.788
INFO:root:EXPERIMENT ITERATION 8
INFO:root:Nº features post-selection = 798
INFO:root:Validation time = 20.26 seconds.
INFO:root:Best validation score (OvR AUC) = 0.807
INFO:root:Best model parameters after validation = {'C': 0.0517947467923121}
INFO:root:Test score (OvR AUC) = 0.812
INFO:root:EXPERIMENT ITERATION 9
INFO:root:Nº features post-selection = 798
INFO:root:Validation time = 20.10 seconds.
INFO:root:Best validation score (OvR AUC) = 0.813
INFO:root:Best model parameters after validation = {'C': 0.05963623316594643}
INFO:root:Test score (OvR AUC) = 0.787
INFO:root:EXPERIMENT ITERATION 10
INFO:root:Nº features post-selection = 798
INFO:root:Validation time = 20.69 seconds.
INFO:root:Best validation score (OvR AUC) = 0.808
INFO:root:Best model parameters after validation = {'C': 0.03906939937054617}
INFO:root:Test score (OvR AUC) = 0.774
INFO:root:EXPERIMENT ITERATION 11
INFO:root:Nº features post-selection = 798
INFO:root:Validation time = 20.04 seconds.
INFO:root:Best validation score (OvR AUC) = 0.810
INFO:root:Best model parameters after validation = {'C': 0.06866488450043001}
INFO:root:Test score (OvR AUC) = 0.768
INFO:root:EXPERIMENT ITERATION 12
INFO:root:Nº features post-selection = 799
INFO:root:Validation time = 20.08 seconds.
INFO:root:Best validation score (OvR AUC) = 0.810
INFO:root:Best model parameters after validation = {'C': 0.05963623316594643}
INFO:root:Test score (OvR AUC) = 0.797
INFO:root:EXPERIMENT ITERATION 13
INFO:root:Nº features post-selection = 798
INFO:root:Validation time = 19.48 seconds.
INFO:root:Best validation score (OvR AUC) = 0.820
INFO:root:Best model parameters after validation = {'C': 0.044984326689694466}
INFO:root:Test score (OvR AUC) = 0.748
INFO:root:EXPERIMENT ITERATION 14
INFO:root:Nº features post-selection = 799
INFO:root:Validation time = 20.98 seconds.
INFO:root:Best validation score (OvR AUC) = 0.809
INFO:root:Best model parameters after validation = {'C': 0.044984326689694466}
INFO:root:Test score (OvR AUC) = 0.807
INFO:root:EXPERIMENT ITERATION 15
INFO:root:Nº features post-selection = 796
INFO:root:Validation time = 19.47 seconds.
INFO:root:Best validation score (OvR AUC) = 0.819
INFO:root:Best model parameters after validation = {'C': 0.06866488450043001}
INFO:root:Test score (OvR AUC) = 0.791
INFO:root:EXPERIMENT ITERATION 16
INFO:root:Nº features post-selection = 798
INFO:root:Validation time = 20.65 seconds.
INFO:root:Best validation score (OvR AUC) = 0.800
INFO:root:Best model parameters after validation = {'C': 0.0517947467923121}
INFO:root:Test score (OvR AUC) = 0.786
INFO:root:EXPERIMENT ITERATION 17
INFO:root:Nº features post-selection = 799
INFO:root:Validation time = 19.89 seconds.
INFO:root:Best validation score (OvR AUC) = 0.821
INFO:root:Best model parameters after validation = {'C': 0.05963623316594643}
INFO:root:Test score (OvR AUC) = 0.805
INFO:root:EXPERIMENT ITERATION 18
INFO:root:Nº features post-selection = 799
INFO:root:Validation time = 20.78 seconds.
INFO:root:Best validation score (OvR AUC) = 0.793
INFO:root:Best model parameters after validation = {'C': 0.03906939937054617}
INFO:root:Test score (OvR AUC) = 0.787
INFO:root:EXPERIMENT ITERATION 19
INFO:root:Nº features post-selection = 799
INFO:root:Validation time = 20.42 seconds.
INFO:root:Best validation score (OvR AUC) = 0.814
INFO:root:Best model parameters after validation = {'C': 0.0517947467923121}
INFO:root:Test score (OvR AUC) = 0.776
INFO:root:EXPERIMENT ITERATION 20
INFO:root:Nº features post-selection = 799
INFO:root:Validation time = 20.28 seconds.
INFO:root:Best validation score (OvR AUC) = 0.811
INFO:root:Best model parameters after validation = {'C': 0.044984326689694466}
INFO:root:Test score (OvR AUC) = 0.795
INFO:root:EXPERIMENT ITERATION 21
INFO:root:Nº features post-selection = 799
INFO:root:Validation time = 20.08 seconds.
INFO:root:Best validation score (OvR AUC) = 0.808
INFO:root:Best model parameters after validation = {'C': 0.05963623316594643}
INFO:root:Test score (OvR AUC) = 0.784
INFO:root:EXPERIMENT ITERATION 22
INFO:root:Nº features post-selection = 799
INFO:root:Validation time = 20.98 seconds.
INFO:root:Best validation score (OvR AUC) = 0.818
INFO:root:Best model parameters after validation = {'C': 0.05963623316594643}
INFO:root:Test score (OvR AUC) = 0.784
INFO:root:EXPERIMENT ITERATION 23
INFO:root:Nº features post-selection = 799
INFO:root:Validation time = 21.11 seconds.
INFO:root:Best validation score (OvR AUC) = 0.813
INFO:root:Best model parameters after validation = {'C': 0.05963623316594643}
INFO:root:Test score (OvR AUC) = 0.829
INFO:root:EXPERIMENT ITERATION 24
INFO:root:Nº features post-selection = 798
INFO:root:Validation time = 19.99 seconds.
INFO:root:Best validation score (OvR AUC) = 0.814
INFO:root:Best model parameters after validation = {'C': 0.044984326689694466}
INFO:root:Test score (OvR AUC) = 0.763
INFO:root:EXPERIMENT ITERATION 25
INFO:root:Nº features post-selection = 797
INFO:root:Validation time = 19.99 seconds.
INFO:root:Best validation score (OvR AUC) = 0.824
INFO:root:Best model parameters after validation = {'C': 0.06866488450043001}
INFO:root:Test score (OvR AUC) = 0.711
INFO:root:EXPERIMENT ITERATION 26
INFO:root:Nº features post-selection = 799
INFO:root:Validation time = 19.93 seconds.
INFO:root:Best validation score (OvR AUC) = 0.813
INFO:root:Best model parameters after validation = {'C': 0.044984326689694466}
INFO:root:Test score (OvR AUC) = 0.822
INFO:root:EXPERIMENT ITERATION 27
INFO:root:Nº features post-selection = 799
INFO:root:Validation time = 20.71 seconds.
INFO:root:Best validation score (OvR AUC) = 0.812
INFO:root:Best model parameters after validation = {'C': 0.05963623316594643}
INFO:root:Test score (OvR AUC) = 0.798
INFO:root:EXPERIMENT ITERATION 28
INFO:root:Nº features post-selection = 799
INFO:root:Validation time = 19.89 seconds.
INFO:root:Best validation score (OvR AUC) = 0.801
INFO:root:Best model parameters after validation = {'C': 0.03906939937054617}
INFO:root:Test score (OvR AUC) = 0.841
INFO:root:EXPERIMENT ITERATION 29
INFO:root:Nº features post-selection = 799
INFO:root:Validation time = 20.38 seconds.
INFO:root:Best validation score (OvR AUC) = 0.806
INFO:root:Best model parameters after validation = {'C': 0.044984326689694466}
INFO:root:Test score (OvR AUC) = 0.807
INFO:root:EXPERIMENT ITERATION 30
INFO:root:Nº features post-selection = 800
INFO:root:Validation time = 19.47 seconds.
INFO:root:Best validation score (OvR AUC) = 0.814
INFO:root:Best model parameters after validation = {'C': 0.0517947467923121}
INFO:root:Test score (OvR AUC) = 0.717
INFO:root:EXPERIMENT ITERATION 31
INFO:root:Nº features post-selection = 799
INFO:root:Validation time = 19.77 seconds.
INFO:root:Best validation score (OvR AUC) = 0.803
INFO:root:Best model parameters after validation = {'C': 0.0517947467923121}
INFO:root:Test score (OvR AUC) = 0.790
INFO:root:EXPERIMENT ITERATION 32
INFO:root:Nº features post-selection = 798
INFO:root:Validation time = 19.88 seconds.
INFO:root:Best validation score (OvR AUC) = 0.815
INFO:root:Best model parameters after validation = {'C': 0.044984326689694466}
INFO:root:Test score (OvR AUC) = 0.807
INFO:root:EXPERIMENT ITERATION 33
INFO:root:Nº features post-selection = 799
INFO:root:Validation time = 20.08 seconds.
INFO:root:Best validation score (OvR AUC) = 0.825
INFO:root:Best model parameters after validation = {'C': 0.044984326689694466}
INFO:root:Test score (OvR AUC) = 0.749
INFO:root:EXPERIMENT ITERATION 34
INFO:root:Nº features post-selection = 799
INFO:root:Validation time = 19.84 seconds.
INFO:root:Best validation score (OvR AUC) = 0.809
INFO:root:Best model parameters after validation = {'C': 0.0517947467923121}
INFO:root:Test score (OvR AUC) = 0.809
INFO:root:EXPERIMENT ITERATION 35
INFO:root:Nº features post-selection = 799
INFO:root:Validation time = 20.32 seconds.
INFO:root:Best validation score (OvR AUC) = 0.817
INFO:root:Best model parameters after validation = {'C': 0.03906939937054617}
INFO:root:Test score (OvR AUC) = 0.741
INFO:root:EXPERIMENT ITERATION 36
INFO:root:Nº features post-selection = 797
INFO:root:Validation time = 19.64 seconds.
INFO:root:Best validation score (OvR AUC) = 0.804
INFO:root:Best model parameters after validation = {'C': 0.06866488450043001}
INFO:root:Test score (OvR AUC) = 0.840
INFO:root:EXPERIMENT ITERATION 37
INFO:root:Nº features post-selection = 798
INFO:root:Validation time = 19.89 seconds.
INFO:root:Best validation score (OvR AUC) = 0.814
INFO:root:Best model parameters after validation = {'C': 0.0517947467923121}
INFO:root:Test score (OvR AUC) = 0.768
INFO:root:EXPERIMENT ITERATION 38
INFO:root:Nº features post-selection = 799
INFO:root:Validation time = 20.25 seconds.
INFO:root:Best validation score (OvR AUC) = 0.800
INFO:root:Best model parameters after validation = {'C': 0.0517947467923121}
INFO:root:Test score (OvR AUC) = 0.810
INFO:root:EXPERIMENT ITERATION 39
INFO:root:Nº features post-selection = 799
INFO:root:Validation time = 20.05 seconds.
INFO:root:Best validation score (OvR AUC) = 0.822
INFO:root:Best model parameters after validation = {'C': 0.06866488450043001}
INFO:root:Test score (OvR AUC) = 0.790
INFO:root:EXPERIMENT ITERATION 40
INFO:root:Nº features post-selection = 799
INFO:root:Validation time = 19.30 seconds.
INFO:root:Best validation score (OvR AUC) = 0.818
INFO:root:Best model parameters after validation = {'C': 0.0517947467923121}
INFO:root:Test score (OvR AUC) = 0.752
INFO:root:EXPERIMENT ITERATION 41
INFO:root:Nº features post-selection = 798
INFO:root:Validation time = 20.72 seconds.
INFO:root:Best validation score (OvR AUC) = 0.818
INFO:root:Best model parameters after validation = {'C': 0.05963623316594643}
INFO:root:Test score (OvR AUC) = 0.793
INFO:root:EXPERIMENT ITERATION 42
INFO:root:Nº features post-selection = 798
INFO:root:Validation time = 19.65 seconds.
INFO:root:Best validation score (OvR AUC) = 0.824
INFO:root:Best model parameters after validation = {'C': 0.07906043210907697}
INFO:root:Test score (OvR AUC) = 0.794
INFO:root:EXPERIMENT ITERATION 43
INFO:root:Nº features post-selection = 798
INFO:root:Validation time = 20.54 seconds.
INFO:root:Best validation score (OvR AUC) = 0.811
INFO:root:Best model parameters after validation = {'C': 0.05963623316594643}
INFO:root:Test score (OvR AUC) = 0.822
INFO:root:EXPERIMENT ITERATION 44
INFO:root:Nº features post-selection = 798
INFO:root:Validation time = 20.05 seconds.
INFO:root:Best validation score (OvR AUC) = 0.813
INFO:root:Best model parameters after validation = {'C': 0.044984326689694466}
INFO:root:Test score (OvR AUC) = 0.792
INFO:root:EXPERIMENT ITERATION 45
INFO:root:Nº features post-selection = 799
INFO:root:Validation time = 19.52 seconds.
INFO:root:Best validation score (OvR AUC) = 0.820
INFO:root:Best model parameters after validation = {'C': 0.06866488450043001}
INFO:root:Test score (OvR AUC) = 0.791
INFO:root:EXPERIMENT ITERATION 46
INFO:root:Nº features post-selection = 799
INFO:root:Validation time = 20.07 seconds.
INFO:root:Best validation score (OvR AUC) = 0.814
INFO:root:Best model parameters after validation = {'C': 0.05963623316594643}
INFO:root:Test score (OvR AUC) = 0.813
INFO:root:EXPERIMENT ITERATION 47
INFO:root:Nº features post-selection = 799
INFO:root:Validation time = 19.82 seconds.
INFO:root:Best validation score (OvR AUC) = 0.809
INFO:root:Best model parameters after validation = {'C': 0.05963623316594643}
INFO:root:Test score (OvR AUC) = 0.819
INFO:root:EXPERIMENT ITERATION 48
INFO:root:Nº features post-selection = 798
INFO:root:Validation time = 20.05 seconds.
INFO:root:Best validation score (OvR AUC) = 0.821
INFO:root:Best model parameters after validation = {'C': 0.06866488450043001}
INFO:root:Test score (OvR AUC) = 0.812
INFO:root:EXPERIMENT ITERATION 49
INFO:root:Nº features post-selection = 799
INFO:root:Validation time = 19.98 seconds.
INFO:root:Best validation score (OvR AUC) = 0.812
INFO:root:Best model parameters after validation = {'C': 0.05963623316594643}
INFO:root:Test score (OvR AUC) = 0.741
INFO:root:EXPERIMENT ITERATION 50
INFO:root:Nº features post-selection = 798
INFO:root:Validation time = 20.04 seconds.
INFO:root:Best validation score (OvR AUC) = 0.824
INFO:root:Best model parameters after validation = {'C': 0.05963623316594643}
INFO:root:Test score (OvR AUC) = 0.736
INFO:root:Average validation score (OvR AUC) = 0.8130227970846478
INFO:root:Average test score (OvR AUC) = 0.7863017552396537
