INFO:root:Model: Random Forest
INFO:root:Feature selection: Mutual Information
INFO:root:Experiment iterations = 50
INFO:root:Date & time of execution = 2022/12/19 14:01:35
INFO:root:Input samples = 1310
INFO:root:Input features = 4000
INFO:root:Labels: ['Negative', 'Neutral', 'Positive']
INFO:root:EXPERIMENT ITERATION 1
INFO:root:Nº features post-selection = 799
INFO:root:Validation time = 471.13 seconds.
INFO:root:Best validation score (OvR AUC) = 0.820
INFO:root:Best model parameters after validation = {'max_depth': 28, 'n_estimators': 470}
INFO:root:Test score (OvR AUC) = 0.808
INFO:root:EXPERIMENT ITERATION 2
INFO:root:Nº features post-selection = 797
INFO:root:Validation time = 422.94 seconds.
INFO:root:Best validation score (OvR AUC) = 0.825
INFO:root:Best model parameters after validation = {'max_depth': 40, 'n_estimators': 150}
INFO:root:Test score (OvR AUC) = 0.802
INFO:root:EXPERIMENT ITERATION 3
INFO:root:Nº features post-selection = 798
INFO:root:Validation time = 450.17 seconds.
INFO:root:Best validation score (OvR AUC) = 0.828
INFO:root:Best model parameters after validation = {'max_depth': 36, 'n_estimators': 170}
INFO:root:Test score (OvR AUC) = 0.806
INFO:root:EXPERIMENT ITERATION 4
INFO:root:Nº features post-selection = 799
INFO:root:Validation time = 415.65 seconds.
INFO:root:Best validation score (OvR AUC) = 0.827
INFO:root:Best model parameters after validation = {'max_depth': 36, 'n_estimators': 390}
INFO:root:Test score (OvR AUC) = 0.800
INFO:root:EXPERIMENT ITERATION 5
INFO:root:Nº features post-selection = 799
INFO:root:Validation time = 415.85 seconds.
INFO:root:Best validation score (OvR AUC) = 0.826
INFO:root:Best model parameters after validation = {'max_depth': 36, 'n_estimators': 460}
INFO:root:Test score (OvR AUC) = 0.829
INFO:root:EXPERIMENT ITERATION 6
INFO:root:Nº features post-selection = 799
INFO:root:Validation time = 425.82 seconds.
INFO:root:Best validation score (OvR AUC) = 0.830
INFO:root:Best model parameters after validation = {'max_depth': 36, 'n_estimators': 150}
INFO:root:Test score (OvR AUC) = 0.747
INFO:root:EXPERIMENT ITERATION 7
INFO:root:Nº features post-selection = 797
INFO:root:Validation time = 472.43 seconds.
INFO:root:Best validation score (OvR AUC) = 0.816
INFO:root:Best model parameters after validation = {'max_depth': 40, 'n_estimators': 320}
INFO:root:Test score (OvR AUC) = 0.807
INFO:root:EXPERIMENT ITERATION 8
INFO:root:Nº features post-selection = 799
INFO:root:Validation time = 468.10 seconds.
INFO:root:Best validation score (OvR AUC) = 0.833
INFO:root:Best model parameters after validation = {'max_depth': 40, 'n_estimators': 440}
INFO:root:Test score (OvR AUC) = 0.843
INFO:root:EXPERIMENT ITERATION 9
INFO:root:Nº features post-selection = 797
INFO:root:Validation time = 444.35 seconds.
INFO:root:Best validation score (OvR AUC) = 0.830
INFO:root:Best model parameters after validation = {'max_depth': 40, 'n_estimators': 390}
INFO:root:Test score (OvR AUC) = 0.792
INFO:root:EXPERIMENT ITERATION 10
INFO:root:Nº features post-selection = 799
INFO:root:Validation time = 487.02 seconds.
INFO:root:Best validation score (OvR AUC) = 0.825
INFO:root:Best model parameters after validation = {'max_depth': 40, 'n_estimators': 200}
INFO:root:Test score (OvR AUC) = 0.861
INFO:root:EXPERIMENT ITERATION 11
INFO:root:Nº features post-selection = 799
INFO:root:Validation time = 468.18 seconds.
INFO:root:Best validation score (OvR AUC) = 0.815
INFO:root:Best model parameters after validation = {'max_depth': 36, 'n_estimators': 240}
INFO:root:Test score (OvR AUC) = 0.841
INFO:root:EXPERIMENT ITERATION 12
INFO:root:Nº features post-selection = 798
INFO:root:Validation time = 443.68 seconds.
INFO:root:Best validation score (OvR AUC) = 0.825
INFO:root:Best model parameters after validation = {'max_depth': 32, 'n_estimators': 370}
INFO:root:Test score (OvR AUC) = 0.773
INFO:root:EXPERIMENT ITERATION 13
INFO:root:Nº features post-selection = 799
INFO:root:Validation time = 453.40 seconds.
INFO:root:Best validation score (OvR AUC) = 0.833
INFO:root:Best model parameters after validation = {'max_depth': 36, 'n_estimators': 490}
INFO:root:Test score (OvR AUC) = 0.753
INFO:root:EXPERIMENT ITERATION 14
INFO:root:Nº features post-selection = 799
INFO:root:Validation time = 394.43 seconds.
INFO:root:Best validation score (OvR AUC) = 0.829
INFO:root:Best model parameters after validation = {'max_depth': 40, 'n_estimators': 390}
INFO:root:Test score (OvR AUC) = 0.801
INFO:root:EXPERIMENT ITERATION 15
INFO:root:Nº features post-selection = 800
INFO:root:Validation time = 453.31 seconds.
INFO:root:Best validation score (OvR AUC) = 0.826
INFO:root:Best model parameters after validation = {'max_depth': 28, 'n_estimators': 340}
INFO:root:Test score (OvR AUC) = 0.787
INFO:root:EXPERIMENT ITERATION 16
INFO:root:Nº features post-selection = 798
INFO:root:Validation time = 450.77 seconds.
INFO:root:Best validation score (OvR AUC) = 0.827
INFO:root:Best model parameters after validation = {'max_depth': 36, 'n_estimators': 180}
INFO:root:Test score (OvR AUC) = 0.805
INFO:root:EXPERIMENT ITERATION 17
INFO:root:Nº features post-selection = 798
INFO:root:Validation time = 452.62 seconds.
INFO:root:Best validation score (OvR AUC) = 0.829
INFO:root:Best model parameters after validation = {'max_depth': 36, 'n_estimators': 480}
INFO:root:Test score (OvR AUC) = 0.779
INFO:root:EXPERIMENT ITERATION 18
INFO:root:Nº features post-selection = 799
INFO:root:Validation time = 380.94 seconds.
INFO:root:Best validation score (OvR AUC) = 0.808
INFO:root:Best model parameters after validation = {'max_depth': 40, 'n_estimators': 280}
INFO:root:Test score (OvR AUC) = 0.830
INFO:root:EXPERIMENT ITERATION 19
INFO:root:Nº features post-selection = 799
INFO:root:Validation time = 379.41 seconds.
INFO:root:Best validation score (OvR AUC) = 0.830
INFO:root:Best model parameters after validation = {'max_depth': 36, 'n_estimators': 430}
INFO:root:Test score (OvR AUC) = 0.770
INFO:root:EXPERIMENT ITERATION 20
INFO:root:Nº features post-selection = 798
INFO:root:Validation time = 381.48 seconds.
INFO:root:Best validation score (OvR AUC) = 0.825
INFO:root:Best model parameters after validation = {'max_depth': 32, 'n_estimators': 360}
INFO:root:Test score (OvR AUC) = 0.818
INFO:root:EXPERIMENT ITERATION 21
INFO:root:Nº features post-selection = 798
INFO:root:Validation time = 380.31 seconds.
INFO:root:Best validation score (OvR AUC) = 0.824
INFO:root:Best model parameters after validation = {'max_depth': 40, 'n_estimators': 380}
INFO:root:Test score (OvR AUC) = 0.833
INFO:root:EXPERIMENT ITERATION 22
INFO:root:Nº features post-selection = 797
INFO:root:Validation time = 381.77 seconds.
INFO:root:Best validation score (OvR AUC) = 0.822
INFO:root:Best model parameters after validation = {'max_depth': 40, 'n_estimators': 260}
INFO:root:Test score (OvR AUC) = 0.835
INFO:root:EXPERIMENT ITERATION 23
INFO:root:Nº features post-selection = 799
INFO:root:Validation time = 453.82 seconds.
INFO:root:Best validation score (OvR AUC) = 0.833
INFO:root:Best model parameters after validation = {'max_depth': 40, 'n_estimators': 460}
INFO:root:Test score (OvR AUC) = 0.765
INFO:root:EXPERIMENT ITERATION 24
INFO:root:Nº features post-selection = 798
INFO:root:Validation time = 376.08 seconds.
INFO:root:Best validation score (OvR AUC) = 0.829
INFO:root:Best model parameters after validation = {'max_depth': 32, 'n_estimators': 490}
INFO:root:Test score (OvR AUC) = 0.804
INFO:root:EXPERIMENT ITERATION 25
INFO:root:Nº features post-selection = 799
INFO:root:Validation time = 377.33 seconds.
INFO:root:Best validation score (OvR AUC) = 0.830
INFO:root:Best model parameters after validation = {'max_depth': 36, 'n_estimators': 420}
INFO:root:Test score (OvR AUC) = 0.836
INFO:root:EXPERIMENT ITERATION 26
INFO:root:Nº features post-selection = 798
INFO:root:Validation time = 377.56 seconds.
INFO:root:Best validation score (OvR AUC) = 0.826
INFO:root:Best model parameters after validation = {'max_depth': 40, 'n_estimators': 430}
INFO:root:Test score (OvR AUC) = 0.803
INFO:root:EXPERIMENT ITERATION 27
INFO:root:Nº features post-selection = 800
INFO:root:Validation time = 438.46 seconds.
INFO:root:Best validation score (OvR AUC) = 0.830
INFO:root:Best model parameters after validation = {'max_depth': 36, 'n_estimators': 450}
INFO:root:Test score (OvR AUC) = 0.777
INFO:root:EXPERIMENT ITERATION 28
INFO:root:Nº features post-selection = 799
INFO:root:Validation time = 389.02 seconds.
INFO:root:Best validation score (OvR AUC) = 0.822
INFO:root:Best model parameters after validation = {'max_depth': 24, 'n_estimators': 410}
INFO:root:Test score (OvR AUC) = 0.763
INFO:root:EXPERIMENT ITERATION 29
INFO:root:Nº features post-selection = 798
INFO:root:Validation time = 375.99 seconds.
INFO:root:Best validation score (OvR AUC) = 0.831
INFO:root:Best model parameters after validation = {'max_depth': 24, 'n_estimators': 250}
INFO:root:Test score (OvR AUC) = 0.825
INFO:root:EXPERIMENT ITERATION 30
INFO:root:Nº features post-selection = 797
INFO:root:Validation time = 375.93 seconds.
INFO:root:Best validation score (OvR AUC) = 0.827
INFO:root:Best model parameters after validation = {'max_depth': 40, 'n_estimators': 360}
INFO:root:Test score (OvR AUC) = 0.829
INFO:root:EXPERIMENT ITERATION 31
INFO:root:Nº features post-selection = 798
INFO:root:Validation time = 376.24 seconds.
INFO:root:Best validation score (OvR AUC) = 0.806
INFO:root:Best model parameters after validation = {'max_depth': 28, 'n_estimators': 220}
INFO:root:Test score (OvR AUC) = 0.863
INFO:root:EXPERIMENT ITERATION 32
INFO:root:Nº features post-selection = 799
INFO:root:Validation time = 375.96 seconds.
INFO:root:Best validation score (OvR AUC) = 0.823
INFO:root:Best model parameters after validation = {'max_depth': 36, 'n_estimators': 170}
INFO:root:Test score (OvR AUC) = 0.823
INFO:root:EXPERIMENT ITERATION 33
INFO:root:Nº features post-selection = 798
INFO:root:Validation time = 374.86 seconds.
INFO:root:Best validation score (OvR AUC) = 0.825
INFO:root:Best model parameters after validation = {'max_depth': 36, 'n_estimators': 220}
INFO:root:Test score (OvR AUC) = 0.826
INFO:root:EXPERIMENT ITERATION 34
INFO:root:Nº features post-selection = 799
INFO:root:Validation time = 375.16 seconds.
INFO:root:Best validation score (OvR AUC) = 0.824
INFO:root:Best model parameters after validation = {'max_depth': 40, 'n_estimators': 120}
INFO:root:Test score (OvR AUC) = 0.792
INFO:root:EXPERIMENT ITERATION 35
INFO:root:Nº features post-selection = 800
INFO:root:Validation time = 377.92 seconds.
INFO:root:Best validation score (OvR AUC) = 0.827
INFO:root:Best model parameters after validation = {'max_depth': 40, 'n_estimators': 410}
INFO:root:Test score (OvR AUC) = 0.786
INFO:root:EXPERIMENT ITERATION 36
INFO:root:Nº features post-selection = 799
INFO:root:Validation time = 376.08 seconds.
INFO:root:Best validation score (OvR AUC) = 0.822
INFO:root:Best model parameters after validation = {'max_depth': 28, 'n_estimators': 260}
INFO:root:Test score (OvR AUC) = 0.807
INFO:root:EXPERIMENT ITERATION 37
INFO:root:Nº features post-selection = 798
INFO:root:Validation time = 375.39 seconds.
INFO:root:Best validation score (OvR AUC) = 0.820
INFO:root:Best model parameters after validation = {'max_depth': 36, 'n_estimators': 120}
INFO:root:Test score (OvR AUC) = 0.787
INFO:root:EXPERIMENT ITERATION 38
INFO:root:Nº features post-selection = 798
INFO:root:Validation time = 375.38 seconds.
INFO:root:Best validation score (OvR AUC) = 0.840
INFO:root:Best model parameters after validation = {'max_depth': 32, 'n_estimators': 270}
INFO:root:Test score (OvR AUC) = 0.786
INFO:root:EXPERIMENT ITERATION 39
INFO:root:Nº features post-selection = 800
INFO:root:Validation time = 377.96 seconds.
INFO:root:Best validation score (OvR AUC) = 0.836
INFO:root:Best model parameters after validation = {'max_depth': 32, 'n_estimators': 130}
INFO:root:Test score (OvR AUC) = 0.830
INFO:root:EXPERIMENT ITERATION 40
INFO:root:Nº features post-selection = 799
INFO:root:Validation time = 376.21 seconds.
INFO:root:Best validation score (OvR AUC) = 0.820
INFO:root:Best model parameters after validation = {'max_depth': 36, 'n_estimators': 260}
INFO:root:Test score (OvR AUC) = 0.786
INFO:root:EXPERIMENT ITERATION 41
INFO:root:Nº features post-selection = 799
INFO:root:Validation time = 378.40 seconds.
INFO:root:Best validation score (OvR AUC) = 0.820
INFO:root:Best model parameters after validation = {'max_depth': 36, 'n_estimators': 410}
INFO:root:Test score (OvR AUC) = 0.829
INFO:root:EXPERIMENT ITERATION 42
INFO:root:Nº features post-selection = 798
INFO:root:Validation time = 376.38 seconds.
INFO:root:Best validation score (OvR AUC) = 0.828
INFO:root:Best model parameters after validation = {'max_depth': 32, 'n_estimators': 410}
INFO:root:Test score (OvR AUC) = 0.844
INFO:root:EXPERIMENT ITERATION 43
INFO:root:Nº features post-selection = 798
INFO:root:Validation time = 375.09 seconds.
INFO:root:Best validation score (OvR AUC) = 0.834
INFO:root:Best model parameters after validation = {'max_depth': 40, 'n_estimators': 450}
INFO:root:Test score (OvR AUC) = 0.800
INFO:root:EXPERIMENT ITERATION 44
INFO:root:Nº features post-selection = 798
INFO:root:Validation time = 375.71 seconds.
INFO:root:Best validation score (OvR AUC) = 0.828
INFO:root:Best model parameters after validation = {'max_depth': 32, 'n_estimators': 410}
INFO:root:Test score (OvR AUC) = 0.822
INFO:root:EXPERIMENT ITERATION 45
INFO:root:Nº features post-selection = 798
INFO:root:Validation time = 376.65 seconds.
INFO:root:Best validation score (OvR AUC) = 0.818
INFO:root:Best model parameters after validation = {'max_depth': 28, 'n_estimators': 380}
INFO:root:Test score (OvR AUC) = 0.788
INFO:root:EXPERIMENT ITERATION 46
INFO:root:Nº features post-selection = 798
INFO:root:Validation time = 388.09 seconds.
INFO:root:Best validation score (OvR AUC) = 0.832
INFO:root:Best model parameters after validation = {'max_depth': 40, 'n_estimators': 370}
INFO:root:Test score (OvR AUC) = 0.721
INFO:root:EXPERIMENT ITERATION 47
INFO:root:Nº features post-selection = 799
INFO:root:Validation time = 380.07 seconds.
INFO:root:Best validation score (OvR AUC) = 0.815
INFO:root:Best model parameters after validation = {'max_depth': 28, 'n_estimators': 300}
INFO:root:Test score (OvR AUC) = 0.828
INFO:root:EXPERIMENT ITERATION 48
INFO:root:Nº features post-selection = 799
INFO:root:Validation time = 377.65 seconds.
INFO:root:Best validation score (OvR AUC) = 0.827
INFO:root:Best model parameters after validation = {'max_depth': 40, 'n_estimators': 160}
INFO:root:Test score (OvR AUC) = 0.808
INFO:root:EXPERIMENT ITERATION 49
INFO:root:Nº features post-selection = 799
INFO:root:Validation time = 378.47 seconds.
INFO:root:Best validation score (OvR AUC) = 0.833
INFO:root:Best model parameters after validation = {'max_depth': 36, 'n_estimators': 390}
INFO:root:Test score (OvR AUC) = 0.789
INFO:root:EXPERIMENT ITERATION 50
INFO:root:Nº features post-selection = 798
INFO:root:Validation time = 377.68 seconds.
INFO:root:Best validation score (OvR AUC) = 0.825
INFO:root:Best model parameters after validation = {'max_depth': 36, 'n_estimators': 410}
INFO:root:Test score (OvR AUC) = 0.827
INFO:root:Average validation score (OvR AUC) = 0.8256785039971636
INFO:root:Average test score (OvR AUC) = 0.805259813089817
