INFO:root:Model: XGBoost
INFO:root:Feature selection: Mutual Information
INFO:root:Experiment iterations = 50
INFO:root:Date & time of execution = 2022/12/17 09:43:27
INFO:root:Input samples = 1310
INFO:root:Input features = 4000
INFO:root:Labels: ['Negative', 'Neutral', 'Positive']
INFO:root:EXPERIMENT ITERATION 1
INFO:root:Nº features post-selection = 799
INFO:root:Validation time = 292.28 seconds.
INFO:root:Best validation score (OvR AUC) = 0.812
INFO:root:Best model parameters after validation = {'learning_rate': 0.03162277660168379, 'n_estimators': 120}
INFO:root:Test score (OvR AUC) = 0.807
INFO:root:EXPERIMENT ITERATION 2
INFO:root:Nº features post-selection = 799
INFO:root:Validation time = 293.72 seconds.
INFO:root:Best validation score (OvR AUC) = 0.810
INFO:root:Best model parameters after validation = {'learning_rate': 0.03162277660168379, 'n_estimators': 150}
INFO:root:Test score (OvR AUC) = 0.795
INFO:root:EXPERIMENT ITERATION 3
INFO:root:Nº features post-selection = 798
INFO:root:Validation time = 288.80 seconds.
INFO:root:Best validation score (OvR AUC) = 0.809
INFO:root:Best model parameters after validation = {'learning_rate': 0.03162277660168379, 'n_estimators': 150}
INFO:root:Test score (OvR AUC) = 0.812
INFO:root:EXPERIMENT ITERATION 4
INFO:root:Nº features post-selection = 799
INFO:root:Validation time = 299.26 seconds.
INFO:root:Best validation score (OvR AUC) = 0.811
INFO:root:Best model parameters after validation = {'learning_rate': 0.03162277660168379, 'n_estimators': 140}
INFO:root:Test score (OvR AUC) = 0.840
INFO:root:EXPERIMENT ITERATION 5
INFO:root:Nº features post-selection = 799
INFO:root:Validation time = 298.86 seconds.
INFO:root:Best validation score (OvR AUC) = 0.810
INFO:root:Best model parameters after validation = {'learning_rate': 0.03162277660168379, 'n_estimators': 140}
INFO:root:Test score (OvR AUC) = 0.826
INFO:root:EXPERIMENT ITERATION 6
INFO:root:Nº features post-selection = 799
INFO:root:Validation time = 295.90 seconds.
INFO:root:Best validation score (OvR AUC) = 0.815
INFO:root:Best model parameters after validation = {'learning_rate': 0.03162277660168379, 'n_estimators': 150}
INFO:root:Test score (OvR AUC) = 0.798
INFO:root:EXPERIMENT ITERATION 7
INFO:root:Nº features post-selection = 799
INFO:root:Validation time = 295.95 seconds.
INFO:root:Best validation score (OvR AUC) = 0.819
INFO:root:Best model parameters after validation = {'learning_rate': 0.03162277660168379, 'n_estimators': 140}
INFO:root:Test score (OvR AUC) = 0.762
INFO:root:EXPERIMENT ITERATION 8
INFO:root:Nº features post-selection = 799
INFO:root:Validation time = 293.85 seconds.
INFO:root:Best validation score (OvR AUC) = 0.821
INFO:root:Best model parameters after validation = {'learning_rate': 0.31622776601683794, 'n_estimators': 20}
INFO:root:Test score (OvR AUC) = 0.805
INFO:root:EXPERIMENT ITERATION 9
INFO:root:Nº features post-selection = 797
INFO:root:Validation time = 292.22 seconds.
INFO:root:Best validation score (OvR AUC) = 0.811
INFO:root:Best model parameters after validation = {'learning_rate': 0.03162277660168379, 'n_estimators': 150}
INFO:root:Test score (OvR AUC) = 0.847
INFO:root:EXPERIMENT ITERATION 10
INFO:root:Nº features post-selection = 798
INFO:root:Validation time = 292.73 seconds.
INFO:root:Best validation score (OvR AUC) = 0.822
INFO:root:Best model parameters after validation = {'learning_rate': 0.03162277660168379, 'n_estimators': 150}
INFO:root:Test score (OvR AUC) = 0.781
INFO:root:EXPERIMENT ITERATION 11
INFO:root:Nº features post-selection = 798
INFO:root:Validation time = 285.72 seconds.
INFO:root:Best validation score (OvR AUC) = 0.811
INFO:root:Best model parameters after validation = {'learning_rate': 0.03162277660168379, 'n_estimators': 140}
INFO:root:Test score (OvR AUC) = 0.833
INFO:root:EXPERIMENT ITERATION 12
INFO:root:Nº features post-selection = 798
INFO:root:Validation time = 295.31 seconds.
INFO:root:Best validation score (OvR AUC) = 0.814
INFO:root:Best model parameters after validation = {'learning_rate': 0.03162277660168379, 'n_estimators': 150}
INFO:root:Test score (OvR AUC) = 0.841
INFO:root:EXPERIMENT ITERATION 13
INFO:root:Nº features post-selection = 799
INFO:root:Validation time = 297.94 seconds.
INFO:root:Best validation score (OvR AUC) = 0.816
INFO:root:Best model parameters after validation = {'learning_rate': 0.03162277660168379, 'n_estimators': 150}
INFO:root:Test score (OvR AUC) = 0.766
INFO:root:EXPERIMENT ITERATION 14
INFO:root:Nº features post-selection = 799
INFO:root:Validation time = 295.85 seconds.
INFO:root:Best validation score (OvR AUC) = 0.814
INFO:root:Best model parameters after validation = {'learning_rate': 0.03162277660168379, 'n_estimators': 150}
INFO:root:Test score (OvR AUC) = 0.789
INFO:root:EXPERIMENT ITERATION 15
INFO:root:Nº features post-selection = 799
INFO:root:Validation time = 294.48 seconds.
INFO:root:Best validation score (OvR AUC) = 0.815
INFO:root:Best model parameters after validation = {'learning_rate': 0.03162277660168379, 'n_estimators': 140}
INFO:root:Test score (OvR AUC) = 0.827
INFO:root:EXPERIMENT ITERATION 16
INFO:root:Nº features post-selection = 798
INFO:root:Validation time = 292.85 seconds.
INFO:root:Best validation score (OvR AUC) = 0.818
INFO:root:Best model parameters after validation = {'learning_rate': 0.1, 'n_estimators': 130}
INFO:root:Test score (OvR AUC) = 0.782
INFO:root:EXPERIMENT ITERATION 17
INFO:root:Nº features post-selection = 798
INFO:root:Validation time = 291.68 seconds.
INFO:root:Best validation score (OvR AUC) = 0.818
INFO:root:Best model parameters after validation = {'learning_rate': 0.03162277660168379, 'n_estimators': 150}
INFO:root:Test score (OvR AUC) = 0.811
INFO:root:EXPERIMENT ITERATION 18
INFO:root:Nº features post-selection = 799
INFO:root:Validation time = 297.94 seconds.
INFO:root:Best validation score (OvR AUC) = 0.818
INFO:root:Best model parameters after validation = {'learning_rate': 0.03162277660168379, 'n_estimators': 150}
INFO:root:Test score (OvR AUC) = 0.823
INFO:root:EXPERIMENT ITERATION 19
INFO:root:Nº features post-selection = 799
INFO:root:Validation time = 292.47 seconds.
INFO:root:Best validation score (OvR AUC) = 0.818
INFO:root:Best model parameters after validation = {'learning_rate': 0.03162277660168379, 'n_estimators': 150}
INFO:root:Test score (OvR AUC) = 0.762
INFO:root:EXPERIMENT ITERATION 20
INFO:root:Nº features post-selection = 799
INFO:root:Validation time = 292.32 seconds.
INFO:root:Best validation score (OvR AUC) = 0.803
INFO:root:Best model parameters after validation = {'learning_rate': 0.1, 'n_estimators': 80}
INFO:root:Test score (OvR AUC) = 0.855
INFO:root:EXPERIMENT ITERATION 21
INFO:root:Nº features post-selection = 800
INFO:root:Validation time = 295.17 seconds.
INFO:root:Best validation score (OvR AUC) = 0.814
INFO:root:Best model parameters after validation = {'learning_rate': 0.1, 'n_estimators': 100}
INFO:root:Test score (OvR AUC) = 0.787
INFO:root:EXPERIMENT ITERATION 22
INFO:root:Nº features post-selection = 798
INFO:root:Validation time = 293.35 seconds.
INFO:root:Best validation score (OvR AUC) = 0.812
INFO:root:Best model parameters after validation = {'learning_rate': 0.03162277660168379, 'n_estimators': 150}
INFO:root:Test score (OvR AUC) = 0.803
INFO:root:EXPERIMENT ITERATION 23
INFO:root:Nº features post-selection = 799
INFO:root:Validation time = 295.61 seconds.
INFO:root:Best validation score (OvR AUC) = 0.817
INFO:root:Best model parameters after validation = {'learning_rate': 0.03162277660168379, 'n_estimators': 130}
INFO:root:Test score (OvR AUC) = 0.799
INFO:root:EXPERIMENT ITERATION 24
INFO:root:Nº features post-selection = 799
INFO:root:Validation time = 298.36 seconds.
INFO:root:Best validation score (OvR AUC) = 0.815
INFO:root:Best model parameters after validation = {'learning_rate': 0.03162277660168379, 'n_estimators': 150}
INFO:root:Test score (OvR AUC) = 0.748
INFO:root:EXPERIMENT ITERATION 25
INFO:root:Nº features post-selection = 799
INFO:root:Validation time = 294.44 seconds.
INFO:root:Best validation score (OvR AUC) = 0.820
INFO:root:Best model parameters after validation = {'learning_rate': 0.03162277660168379, 'n_estimators': 150}
INFO:root:Test score (OvR AUC) = 0.794
INFO:root:EXPERIMENT ITERATION 26
INFO:root:Nº features post-selection = 799
INFO:root:Validation time = 299.27 seconds.
INFO:root:Best validation score (OvR AUC) = 0.801
INFO:root:Best model parameters after validation = {'learning_rate': 0.01, 'n_estimators': 130}
INFO:root:Test score (OvR AUC) = 0.849
INFO:root:EXPERIMENT ITERATION 27
INFO:root:Nº features post-selection = 800
INFO:root:Validation time = 296.53 seconds.
INFO:root:Best validation score (OvR AUC) = 0.819
INFO:root:Best model parameters after validation = {'learning_rate': 0.1, 'n_estimators': 100}
INFO:root:Test score (OvR AUC) = 0.809
INFO:root:EXPERIMENT ITERATION 28
INFO:root:Nº features post-selection = 798
INFO:root:Validation time = 299.25 seconds.
INFO:root:Best validation score (OvR AUC) = 0.823
INFO:root:Best model parameters after validation = {'learning_rate': 0.1, 'n_estimators': 150}
INFO:root:Test score (OvR AUC) = 0.791
INFO:root:EXPERIMENT ITERATION 29
INFO:root:Nº features post-selection = 799
INFO:root:Validation time = 294.07 seconds.
INFO:root:Best validation score (OvR AUC) = 0.823
INFO:root:Best model parameters after validation = {'learning_rate': 0.1, 'n_estimators': 60}
INFO:root:Test score (OvR AUC) = 0.720
INFO:root:EXPERIMENT ITERATION 30
INFO:root:Nº features post-selection = 798
INFO:root:Validation time = 288.91 seconds.
INFO:root:Best validation score (OvR AUC) = 0.816
INFO:root:Best model parameters after validation = {'learning_rate': 0.03162277660168379, 'n_estimators': 140}
INFO:root:Test score (OvR AUC) = 0.814
INFO:root:EXPERIMENT ITERATION 31
INFO:root:Nº features post-selection = 800
INFO:root:Validation time = 296.22 seconds.
INFO:root:Best validation score (OvR AUC) = 0.814
INFO:root:Best model parameters after validation = {'learning_rate': 0.03162277660168379, 'n_estimators': 150}
INFO:root:Test score (OvR AUC) = 0.823
INFO:root:EXPERIMENT ITERATION 32
INFO:root:Nº features post-selection = 798
INFO:root:Validation time = 291.61 seconds.
INFO:root:Best validation score (OvR AUC) = 0.817
INFO:root:Best model parameters after validation = {'learning_rate': 0.03162277660168379, 'n_estimators': 150}
INFO:root:Test score (OvR AUC) = 0.817
INFO:root:EXPERIMENT ITERATION 33
INFO:root:Nº features post-selection = 798
INFO:root:Validation time = 293.22 seconds.
INFO:root:Best validation score (OvR AUC) = 0.809
INFO:root:Best model parameters after validation = {'learning_rate': 0.03162277660168379, 'n_estimators': 140}
INFO:root:Test score (OvR AUC) = 0.843
INFO:root:EXPERIMENT ITERATION 34
INFO:root:Nº features post-selection = 798
INFO:root:Validation time = 290.30 seconds.
INFO:root:Best validation score (OvR AUC) = 0.826
INFO:root:Best model parameters after validation = {'learning_rate': 0.1, 'n_estimators': 90}
INFO:root:Test score (OvR AUC) = 0.745
INFO:root:EXPERIMENT ITERATION 35
INFO:root:Nº features post-selection = 798
INFO:root:Validation time = 294.42 seconds.
INFO:root:Best validation score (OvR AUC) = 0.822
INFO:root:Best model parameters after validation = {'learning_rate': 0.1, 'n_estimators': 50}
INFO:root:Test score (OvR AUC) = 0.786
INFO:root:EXPERIMENT ITERATION 36
INFO:root:Nº features post-selection = 799
INFO:root:Validation time = 293.54 seconds.
INFO:root:Best validation score (OvR AUC) = 0.821
INFO:root:Best model parameters after validation = {'learning_rate': 0.03162277660168379, 'n_estimators': 150}
INFO:root:Test score (OvR AUC) = 0.768
INFO:root:EXPERIMENT ITERATION 37
INFO:root:Nº features post-selection = 798
INFO:root:Validation time = 299.27 seconds.
INFO:root:Best validation score (OvR AUC) = 0.805
INFO:root:Best model parameters after validation = {'learning_rate': 0.03162277660168379, 'n_estimators': 90}
INFO:root:Test score (OvR AUC) = 0.793
INFO:root:EXPERIMENT ITERATION 38
INFO:root:Nº features post-selection = 799
INFO:root:Validation time = 290.09 seconds.
INFO:root:Best validation score (OvR AUC) = 0.824
INFO:root:Best model parameters after validation = {'learning_rate': 0.1, 'n_estimators': 100}
INFO:root:Test score (OvR AUC) = 0.792
INFO:root:EXPERIMENT ITERATION 39
INFO:root:Nº features post-selection = 799
INFO:root:Validation time = 289.91 seconds.
INFO:root:Best validation score (OvR AUC) = 0.827
INFO:root:Best model parameters after validation = {'learning_rate': 0.1, 'n_estimators': 50}
INFO:root:Test score (OvR AUC) = 0.757
INFO:root:EXPERIMENT ITERATION 40
INFO:root:Nº features post-selection = 799
INFO:root:Validation time = 293.35 seconds.
INFO:root:Best validation score (OvR AUC) = 0.815
INFO:root:Best model parameters after validation = {'learning_rate': 0.03162277660168379, 'n_estimators': 150}
INFO:root:Test score (OvR AUC) = 0.835
INFO:root:EXPERIMENT ITERATION 41
INFO:root:Nº features post-selection = 799
INFO:root:Validation time = 289.27 seconds.
INFO:root:Best validation score (OvR AUC) = 0.821
INFO:root:Best model parameters after validation = {'learning_rate': 0.1, 'n_estimators': 100}
INFO:root:Test score (OvR AUC) = 0.804
INFO:root:EXPERIMENT ITERATION 42
INFO:root:Nº features post-selection = 799
INFO:root:Validation time = 293.14 seconds.
INFO:root:Best validation score (OvR AUC) = 0.819
INFO:root:Best model parameters after validation = {'learning_rate': 0.03162277660168379, 'n_estimators': 150}
INFO:root:Test score (OvR AUC) = 0.816
INFO:root:EXPERIMENT ITERATION 43
INFO:root:Nº features post-selection = 799
INFO:root:Validation time = 294.93 seconds.
INFO:root:Best validation score (OvR AUC) = 0.813
INFO:root:Best model parameters after validation = {'learning_rate': 0.1, 'n_estimators': 40}
INFO:root:Test score (OvR AUC) = 0.812
INFO:root:EXPERIMENT ITERATION 44
INFO:root:Nº features post-selection = 798
INFO:root:Validation time = 288.01 seconds.
INFO:root:Best validation score (OvR AUC) = 0.802
INFO:root:Best model parameters after validation = {'learning_rate': 0.03162277660168379, 'n_estimators': 130}
INFO:root:Test score (OvR AUC) = 0.791
INFO:root:EXPERIMENT ITERATION 45
INFO:root:Nº features post-selection = 798
INFO:root:Validation time = 286.17 seconds.
INFO:root:Best validation score (OvR AUC) = 0.811
INFO:root:Best model parameters after validation = {'learning_rate': 0.1, 'n_estimators': 70}
INFO:root:Test score (OvR AUC) = 0.826
INFO:root:EXPERIMENT ITERATION 46
INFO:root:Nº features post-selection = 798
INFO:root:Validation time = 291.90 seconds.
INFO:root:Best validation score (OvR AUC) = 0.804
INFO:root:Best model parameters after validation = {'learning_rate': 0.1, 'n_estimators': 70}
INFO:root:Test score (OvR AUC) = 0.806
INFO:root:EXPERIMENT ITERATION 47
INFO:root:Nº features post-selection = 797
INFO:root:Validation time = 290.69 seconds.
INFO:root:Best validation score (OvR AUC) = 0.813
INFO:root:Best model parameters after validation = {'learning_rate': 0.1, 'n_estimators': 70}
INFO:root:Test score (OvR AUC) = 0.783
INFO:root:EXPERIMENT ITERATION 48
INFO:root:Nº features post-selection = 798
INFO:root:Validation time = 298.23 seconds.
INFO:root:Best validation score (OvR AUC) = 0.813
INFO:root:Best model parameters after validation = {'learning_rate': 0.03162277660168379, 'n_estimators': 150}
INFO:root:Test score (OvR AUC) = 0.798
INFO:root:EXPERIMENT ITERATION 49
INFO:root:Nº features post-selection = 799
INFO:root:Validation time = 299.50 seconds.
INFO:root:Best validation score (OvR AUC) = 0.823
INFO:root:Best model parameters after validation = {'learning_rate': 0.03162277660168379, 'n_estimators': 150}
INFO:root:Test score (OvR AUC) = 0.752
INFO:root:EXPERIMENT ITERATION 50
INFO:root:Nº features post-selection = 799
INFO:root:Validation time = 288.15 seconds.
INFO:root:Best validation score (OvR AUC) = 0.820
INFO:root:Best model parameters after validation = {'learning_rate': 0.03162277660168379, 'n_estimators': 150}
INFO:root:Test score (OvR AUC) = 0.767
INFO:root:Average validation score (OvR AUC) = 0.8151852142392225
INFO:root:Average test score (OvR AUC) = 0.7998696180435637
