INFO:root:Model: Logistic Regression
INFO:root:Feature selection: Mutual Information
INFO:root:Experiment iterations = 50
INFO:root:Date & time of execution = 2022/12/15 09:39:27
INFO:root:Input samples = 1310
INFO:root:Input features = 3530
INFO:root:Labels: ['Negative', 'Neutral', 'Positive']
INFO:root:EXPERIMENT ITERATION 1
INFO:root:Nº features post-selection = 669
INFO:root:Validation time = 9.16 seconds.
INFO:root:Best validation score (OvR AUC) = 0.823
INFO:root:Best model parameters after validation = {'C': 0.07906043210907697}
INFO:root:Test score (OvR AUC) = 0.807
INFO:root:EXPERIMENT ITERATION 2
INFO:root:Nº features post-selection = 657
INFO:root:Validation time = 7.49 seconds.
INFO:root:Best validation score (OvR AUC) = 0.790
INFO:root:Best model parameters after validation = {'C': 0.0517947467923121}
INFO:root:Test score (OvR AUC) = 0.811
INFO:root:EXPERIMENT ITERATION 3
INFO:root:Nº features post-selection = 671
INFO:root:Validation time = 7.29 seconds.
INFO:root:Best validation score (OvR AUC) = 0.804
INFO:root:Best model parameters after validation = {'C': 0.0517947467923121}
INFO:root:Test score (OvR AUC) = 0.789
INFO:root:EXPERIMENT ITERATION 4
INFO:root:Nº features post-selection = 672
INFO:root:Validation time = 7.06 seconds.
INFO:root:Best validation score (OvR AUC) = 0.816
INFO:root:Best model parameters after validation = {'C': 0.07906043210907697}
INFO:root:Test score (OvR AUC) = 0.783
INFO:root:EXPERIMENT ITERATION 5
INFO:root:Nº features post-selection = 670
INFO:root:Validation time = 7.27 seconds.
INFO:root:Best validation score (OvR AUC) = 0.811
INFO:root:Best model parameters after validation = {'C': 0.044984326689694466}
INFO:root:Test score (OvR AUC) = 0.811
INFO:root:EXPERIMENT ITERATION 6
INFO:root:Nº features post-selection = 673
INFO:root:Validation time = 6.75 seconds.
INFO:root:Best validation score (OvR AUC) = 0.809
INFO:root:Best model parameters after validation = {'C': 0.07906043210907697}
INFO:root:Test score (OvR AUC) = 0.797
INFO:root:EXPERIMENT ITERATION 7
INFO:root:Nº features post-selection = 656
INFO:root:Validation time = 7.23 seconds.
INFO:root:Best validation score (OvR AUC) = 0.795
INFO:root:Best model parameters after validation = {'C': 0.05963623316594643}
INFO:root:Test score (OvR AUC) = 0.788
INFO:root:EXPERIMENT ITERATION 8
INFO:root:Nº features post-selection = 661
INFO:root:Validation time = 7.28 seconds.
INFO:root:Best validation score (OvR AUC) = 0.817
INFO:root:Best model parameters after validation = {'C': 0.05963623316594643}
INFO:root:Test score (OvR AUC) = 0.825
INFO:root:EXPERIMENT ITERATION 9
INFO:root:Nº features post-selection = 671
INFO:root:Validation time = 8.09 seconds.
INFO:root:Best validation score (OvR AUC) = 0.822
INFO:root:Best model parameters after validation = {'C': 0.09102981779915217}
INFO:root:Test score (OvR AUC) = 0.731
INFO:root:EXPERIMENT ITERATION 10
INFO:root:Nº features post-selection = 669
INFO:root:Validation time = 7.70 seconds.
INFO:root:Best validation score (OvR AUC) = 0.788
INFO:root:Best model parameters after validation = {'C': 0.05963623316594643}
INFO:root:Test score (OvR AUC) = 0.767
INFO:root:EXPERIMENT ITERATION 11
INFO:root:Nº features post-selection = 669
INFO:root:Validation time = 8.57 seconds.
INFO:root:Best validation score (OvR AUC) = 0.803
INFO:root:Best model parameters after validation = {'C': 0.07906043210907697}
INFO:root:Test score (OvR AUC) = 0.749
INFO:root:EXPERIMENT ITERATION 12
INFO:root:Nº features post-selection = 672
INFO:root:Validation time = 7.98 seconds.
INFO:root:Best validation score (OvR AUC) = 0.804
INFO:root:Best model parameters after validation = {'C': 0.0517947467923121}
INFO:root:Test score (OvR AUC) = 0.862
INFO:root:EXPERIMENT ITERATION 13
INFO:root:Nº features post-selection = 656
INFO:root:Validation time = 8.84 seconds.
INFO:root:Best validation score (OvR AUC) = 0.794
INFO:root:Best model parameters after validation = {'C': 0.0517947467923121}
INFO:root:Test score (OvR AUC) = 0.826
INFO:root:EXPERIMENT ITERATION 14
INFO:root:Nº features post-selection = 670
INFO:root:Validation time = 8.31 seconds.
INFO:root:Best validation score (OvR AUC) = 0.806
INFO:root:Best model parameters after validation = {'C': 0.06866488450043001}
INFO:root:Test score (OvR AUC) = 0.758
INFO:root:EXPERIMENT ITERATION 15
INFO:root:Nº features post-selection = 668
INFO:root:Validation time = 7.74 seconds.
INFO:root:Best validation score (OvR AUC) = 0.805
INFO:root:Best model parameters after validation = {'C': 0.0517947467923121}
INFO:root:Test score (OvR AUC) = 0.710
INFO:root:EXPERIMENT ITERATION 16
INFO:root:Nº features post-selection = 676
INFO:root:Validation time = 8.04 seconds.
INFO:root:Best validation score (OvR AUC) = 0.810
INFO:root:Best model parameters after validation = {'C': 0.05963623316594643}
INFO:root:Test score (OvR AUC) = 0.839
INFO:root:EXPERIMENT ITERATION 17
INFO:root:Nº features post-selection = 661
INFO:root:Validation time = 8.06 seconds.
INFO:root:Best validation score (OvR AUC) = 0.812
INFO:root:Best model parameters after validation = {'C': 0.07906043210907697}
INFO:root:Test score (OvR AUC) = 0.784
INFO:root:EXPERIMENT ITERATION 18
INFO:root:Nº features post-selection = 672
INFO:root:Validation time = 8.87 seconds.
INFO:root:Best validation score (OvR AUC) = 0.788
INFO:root:Best model parameters after validation = {'C': 0.0517947467923121}
INFO:root:Test score (OvR AUC) = 0.754
INFO:root:EXPERIMENT ITERATION 19
INFO:root:Nº features post-selection = 673
INFO:root:Validation time = 9.02 seconds.
INFO:root:Best validation score (OvR AUC) = 0.806
INFO:root:Best model parameters after validation = {'C': 0.0517947467923121}
INFO:root:Test score (OvR AUC) = 0.779
INFO:root:EXPERIMENT ITERATION 20
INFO:root:Nº features post-selection = 671
INFO:root:Validation time = 9.15 seconds.
INFO:root:Best validation score (OvR AUC) = 0.806
INFO:root:Best model parameters after validation = {'C': 0.05963623316594643}
INFO:root:Test score (OvR AUC) = 0.818
INFO:root:EXPERIMENT ITERATION 21
INFO:root:Nº features post-selection = 670
INFO:root:Validation time = 8.77 seconds.
INFO:root:Best validation score (OvR AUC) = 0.810
INFO:root:Best model parameters after validation = {'C': 0.06866488450043001}
INFO:root:Test score (OvR AUC) = 0.803
INFO:root:EXPERIMENT ITERATION 22
INFO:root:Nº features post-selection = 674
INFO:root:Validation time = 8.49 seconds.
INFO:root:Best validation score (OvR AUC) = 0.812
INFO:root:Best model parameters after validation = {'C': 0.05963623316594643}
INFO:root:Test score (OvR AUC) = 0.785
INFO:root:EXPERIMENT ITERATION 23
INFO:root:Nº features post-selection = 656
INFO:root:Validation time = 8.83 seconds.
INFO:root:Best validation score (OvR AUC) = 0.802
INFO:root:Best model parameters after validation = {'C': 0.06866488450043001}
INFO:root:Test score (OvR AUC) = 0.825
INFO:root:EXPERIMENT ITERATION 24
INFO:root:Nº features post-selection = 666
INFO:root:Validation time = 8.42 seconds.
INFO:root:Best validation score (OvR AUC) = 0.821
INFO:root:Best model parameters after validation = {'C': 0.07906043210907697}
INFO:root:Test score (OvR AUC) = 0.747
INFO:root:EXPERIMENT ITERATION 25
INFO:root:Nº features post-selection = 674
INFO:root:Validation time = 8.97 seconds.
INFO:root:Best validation score (OvR AUC) = 0.809
INFO:root:Best model parameters after validation = {'C': 0.05963623316594643}
INFO:root:Test score (OvR AUC) = 0.776
INFO:root:EXPERIMENT ITERATION 26
INFO:root:Nº features post-selection = 675
INFO:root:Validation time = 8.82 seconds.
INFO:root:Best validation score (OvR AUC) = 0.819
INFO:root:Best model parameters after validation = {'C': 0.06866488450043001}
INFO:root:Test score (OvR AUC) = 0.752
INFO:root:EXPERIMENT ITERATION 27
INFO:root:Nº features post-selection = 672
INFO:root:Validation time = 8.84 seconds.
INFO:root:Best validation score (OvR AUC) = 0.812
INFO:root:Best model parameters after validation = {'C': 0.09102981779915217}
INFO:root:Test score (OvR AUC) = 0.803
INFO:root:EXPERIMENT ITERATION 28
INFO:root:Nº features post-selection = 669
INFO:root:Validation time = 9.18 seconds.
INFO:root:Best validation score (OvR AUC) = 0.811
INFO:root:Best model parameters after validation = {'C': 0.06866488450043001}
INFO:root:Test score (OvR AUC) = 0.786
INFO:root:EXPERIMENT ITERATION 29
INFO:root:Nº features post-selection = 672
INFO:root:Validation time = 8.63 seconds.
INFO:root:Best validation score (OvR AUC) = 0.818
INFO:root:Best model parameters after validation = {'C': 0.07906043210907697}
INFO:root:Test score (OvR AUC) = 0.759
INFO:root:EXPERIMENT ITERATION 30
INFO:root:Nº features post-selection = 667
INFO:root:Validation time = 8.59 seconds.
INFO:root:Best validation score (OvR AUC) = 0.814
INFO:root:Best model parameters after validation = {'C': 0.07906043210907697}
INFO:root:Test score (OvR AUC) = 0.767
INFO:root:EXPERIMENT ITERATION 31
INFO:root:Nº features post-selection = 661
INFO:root:Validation time = 8.87 seconds.
INFO:root:Best validation score (OvR AUC) = 0.812
INFO:root:Best model parameters after validation = {'C': 0.06866488450043001}
INFO:root:Test score (OvR AUC) = 0.781
INFO:root:EXPERIMENT ITERATION 32
INFO:root:Nº features post-selection = 659
INFO:root:Validation time = 9.53 seconds.
INFO:root:Best validation score (OvR AUC) = 0.814
INFO:root:Best model parameters after validation = {'C': 0.06866488450043001}
INFO:root:Test score (OvR AUC) = 0.771
INFO:root:EXPERIMENT ITERATION 33
INFO:root:Nº features post-selection = 670
INFO:root:Validation time = 9.26 seconds.
INFO:root:Best validation score (OvR AUC) = 0.787
INFO:root:Best model parameters after validation = {'C': 0.06866488450043001}
INFO:root:Test score (OvR AUC) = 0.799
INFO:root:EXPERIMENT ITERATION 34
INFO:root:Nº features post-selection = 661
INFO:root:Validation time = 9.86 seconds.
INFO:root:Best validation score (OvR AUC) = 0.800
INFO:root:Best model parameters after validation = {'C': 0.07906043210907697}
INFO:root:Test score (OvR AUC) = 0.870
INFO:root:EXPERIMENT ITERATION 35
INFO:root:Nº features post-selection = 664
INFO:root:Validation time = 8.45 seconds.
INFO:root:Best validation score (OvR AUC) = 0.808
INFO:root:Best model parameters after validation = {'C': 0.0517947467923121}
INFO:root:Test score (OvR AUC) = 0.805
INFO:root:EXPERIMENT ITERATION 36
INFO:root:Nº features post-selection = 673
INFO:root:Validation time = 9.00 seconds.
INFO:root:Best validation score (OvR AUC) = 0.810
INFO:root:Best model parameters after validation = {'C': 0.0517947467923121}
INFO:root:Test score (OvR AUC) = 0.805
INFO:root:EXPERIMENT ITERATION 37
INFO:root:Nº features post-selection = 673
INFO:root:Validation time = 8.66 seconds.
INFO:root:Best validation score (OvR AUC) = 0.812
INFO:root:Best model parameters after validation = {'C': 0.0517947467923121}
INFO:root:Test score (OvR AUC) = 0.731
INFO:root:EXPERIMENT ITERATION 38
INFO:root:Nº features post-selection = 666
INFO:root:Validation time = 8.73 seconds.
INFO:root:Best validation score (OvR AUC) = 0.812
INFO:root:Best model parameters after validation = {'C': 0.05963623316594643}
INFO:root:Test score (OvR AUC) = 0.772
INFO:root:EXPERIMENT ITERATION 39
INFO:root:Nº features post-selection = 663
INFO:root:Validation time = 8.39 seconds.
INFO:root:Best validation score (OvR AUC) = 0.812
INFO:root:Best model parameters after validation = {'C': 0.06866488450043001}
INFO:root:Test score (OvR AUC) = 0.786
INFO:root:EXPERIMENT ITERATION 40
INFO:root:Nº features post-selection = 667
INFO:root:Validation time = 9.21 seconds.
INFO:root:Best validation score (OvR AUC) = 0.818
INFO:root:Best model parameters after validation = {'C': 0.07906043210907697}
INFO:root:Test score (OvR AUC) = 0.755
INFO:root:EXPERIMENT ITERATION 41
INFO:root:Nº features post-selection = 667
INFO:root:Validation time = 8.97 seconds.
INFO:root:Best validation score (OvR AUC) = 0.805
INFO:root:Best model parameters after validation = {'C': 0.10481131341546852}
INFO:root:Test score (OvR AUC) = 0.792
INFO:root:EXPERIMENT ITERATION 42
INFO:root:Nº features post-selection = 671
INFO:root:Validation time = 8.87 seconds.
INFO:root:Best validation score (OvR AUC) = 0.818
INFO:root:Best model parameters after validation = {'C': 0.10481131341546852}
INFO:root:Test score (OvR AUC) = 0.762
INFO:root:EXPERIMENT ITERATION 43
INFO:root:Nº features post-selection = 669
INFO:root:Validation time = 8.89 seconds.
INFO:root:Best validation score (OvR AUC) = 0.815
INFO:root:Best model parameters after validation = {'C': 0.07906043210907697}
INFO:root:Test score (OvR AUC) = 0.776
INFO:root:EXPERIMENT ITERATION 44
INFO:root:Nº features post-selection = 665
INFO:root:Validation time = 8.84 seconds.
INFO:root:Best validation score (OvR AUC) = 0.806
INFO:root:Best model parameters after validation = {'C': 0.0517947467923121}
INFO:root:Test score (OvR AUC) = 0.773
INFO:root:EXPERIMENT ITERATION 45
INFO:root:Nº features post-selection = 669
INFO:root:Validation time = 8.42 seconds.
INFO:root:Best validation score (OvR AUC) = 0.808
INFO:root:Best model parameters after validation = {'C': 0.0517947467923121}
INFO:root:Test score (OvR AUC) = 0.780
INFO:root:EXPERIMENT ITERATION 46
INFO:root:Nº features post-selection = 677
INFO:root:Validation time = 8.70 seconds.
INFO:root:Best validation score (OvR AUC) = 0.805
INFO:root:Best model parameters after validation = {'C': 0.07906043210907697}
INFO:root:Test score (OvR AUC) = 0.734
INFO:root:EXPERIMENT ITERATION 47
INFO:root:Nº features post-selection = 671
INFO:root:Validation time = 8.53 seconds.
INFO:root:Best validation score (OvR AUC) = 0.815
INFO:root:Best model parameters after validation = {'C': 0.09102981779915217}
INFO:root:Test score (OvR AUC) = 0.816
INFO:root:EXPERIMENT ITERATION 48
INFO:root:Nº features post-selection = 664
INFO:root:Validation time = 8.59 seconds.
INFO:root:Best validation score (OvR AUC) = 0.796
INFO:root:Best model parameters after validation = {'C': 0.07906043210907697}
INFO:root:Test score (OvR AUC) = 0.818
INFO:root:EXPERIMENT ITERATION 49
INFO:root:Nº features post-selection = 664
INFO:root:Validation time = 8.54 seconds.
INFO:root:Best validation score (OvR AUC) = 0.803
INFO:root:Best model parameters after validation = {'C': 0.06866488450043001}
INFO:root:Test score (OvR AUC) = 0.831
INFO:root:EXPERIMENT ITERATION 50
INFO:root:Nº features post-selection = 668
INFO:root:Validation time = 8.89 seconds.
INFO:root:Best validation score (OvR AUC) = 0.809
INFO:root:Best model parameters after validation = {'C': 0.05963623316594643}
INFO:root:Test score (OvR AUC) = 0.781
INFO:root:Average validation score (OvR AUC) = 0.8080614118761724
INFO:root:Average test score (OvR AUC) = 0.786610266546192
