INFO:root:Model: Random Forest
INFO:root:Feature selection: Mutual Information
INFO:root:Experiment iterations = 50
INFO:root:Date & time of execution = 2022/12/19 09:35:03
INFO:root:Input samples = 1310
INFO:root:Input features = 3530
INFO:root:Labels: ['Negative', 'Neutral', 'Positive']
INFO:root:EXPERIMENT ITERATION 1
INFO:root:Nº features post-selection = 669
INFO:root:Validation time = 268.01 seconds.
INFO:root:Best validation score (OvR AUC) = 0.832
INFO:root:Best model parameters after validation = {'max_depth': 32, 'n_estimators': 240}
INFO:root:Test score (OvR AUC) = 0.820
INFO:root:EXPERIMENT ITERATION 2
INFO:root:Nº features post-selection = 669
INFO:root:Validation time = 281.69 seconds.
INFO:root:Best validation score (OvR AUC) = 0.821
INFO:root:Best model parameters after validation = {'max_depth': 20, 'n_estimators': 390}
INFO:root:Test score (OvR AUC) = 0.825
INFO:root:EXPERIMENT ITERATION 3
INFO:root:Nº features post-selection = 664
INFO:root:Validation time = 321.08 seconds.
INFO:root:Best validation score (OvR AUC) = 0.828
INFO:root:Best model parameters after validation = {'max_depth': 40, 'n_estimators': 280}
INFO:root:Test score (OvR AUC) = 0.830
INFO:root:EXPERIMENT ITERATION 4
INFO:root:Nº features post-selection = 664
INFO:root:Validation time = 323.40 seconds.
INFO:root:Best validation score (OvR AUC) = 0.810
INFO:root:Best model parameters after validation = {'max_depth': 24, 'n_estimators': 200}
INFO:root:Test score (OvR AUC) = 0.782
INFO:root:EXPERIMENT ITERATION 5
INFO:root:Nº features post-selection = 668
INFO:root:Validation time = 291.67 seconds.
INFO:root:Best validation score (OvR AUC) = 0.814
INFO:root:Best model parameters after validation = {'max_depth': 36, 'n_estimators': 180}
INFO:root:Test score (OvR AUC) = 0.845
INFO:root:EXPERIMENT ITERATION 6
INFO:root:Nº features post-selection = 671
INFO:root:Validation time = 265.92 seconds.
INFO:root:Best validation score (OvR AUC) = 0.816
INFO:root:Best model parameters after validation = {'max_depth': 28, 'n_estimators': 280}
INFO:root:Test score (OvR AUC) = 0.785
INFO:root:EXPERIMENT ITERATION 7
INFO:root:Nº features post-selection = 673
INFO:root:Validation time = 265.87 seconds.
INFO:root:Best validation score (OvR AUC) = 0.834
INFO:root:Best model parameters after validation = {'max_depth': 40, 'n_estimators': 370}
INFO:root:Test score (OvR AUC) = 0.779
INFO:root:EXPERIMENT ITERATION 8
INFO:root:Nº features post-selection = 671
INFO:root:Validation time = 262.96 seconds.
INFO:root:Best validation score (OvR AUC) = 0.824
INFO:root:Best model parameters after validation = {'max_depth': 36, 'n_estimators': 130}
INFO:root:Test score (OvR AUC) = 0.798
INFO:root:EXPERIMENT ITERATION 9
INFO:root:Nº features post-selection = 651
INFO:root:Validation time = 253.07 seconds.
INFO:root:Best validation score (OvR AUC) = 0.830
INFO:root:Best model parameters after validation = {'max_depth': 36, 'n_estimators': 190}
INFO:root:Test score (OvR AUC) = 0.753
INFO:root:EXPERIMENT ITERATION 10
INFO:root:Nº features post-selection = 667
INFO:root:Validation time = 273.40 seconds.
INFO:root:Best validation score (OvR AUC) = 0.835
INFO:root:Best model parameters after validation = {'max_depth': 28, 'n_estimators': 200}
INFO:root:Test score (OvR AUC) = 0.794
INFO:root:EXPERIMENT ITERATION 11
INFO:root:Nº features post-selection = 674
INFO:root:Validation time = 308.63 seconds.
INFO:root:Best validation score (OvR AUC) = 0.826
INFO:root:Best model parameters after validation = {'max_depth': 24, 'n_estimators': 260}
INFO:root:Test score (OvR AUC) = 0.800
INFO:root:EXPERIMENT ITERATION 12
INFO:root:Nº features post-selection = 666
INFO:root:Validation time = 310.33 seconds.
INFO:root:Best validation score (OvR AUC) = 0.835
INFO:root:Best model parameters after validation = {'max_depth': 32, 'n_estimators': 360}
INFO:root:Test score (OvR AUC) = 0.822
INFO:root:EXPERIMENT ITERATION 13
INFO:root:Nº features post-selection = 671
INFO:root:Validation time = 319.29 seconds.
INFO:root:Best validation score (OvR AUC) = 0.823
INFO:root:Best model parameters after validation = {'max_depth': 40, 'n_estimators': 200}
INFO:root:Test score (OvR AUC) = 0.823
INFO:root:EXPERIMENT ITERATION 14
INFO:root:Nº features post-selection = 667
INFO:root:Validation time = 322.88 seconds.
INFO:root:Best validation score (OvR AUC) = 0.819
INFO:root:Best model parameters after validation = {'max_depth': 32, 'n_estimators': 180}
INFO:root:Test score (OvR AUC) = 0.836
INFO:root:EXPERIMENT ITERATION 15
INFO:root:Nº features post-selection = 670
INFO:root:Validation time = 276.69 seconds.
INFO:root:Best validation score (OvR AUC) = 0.828
INFO:root:Best model parameters after validation = {'max_depth': 40, 'n_estimators': 90}
INFO:root:Test score (OvR AUC) = 0.793
INFO:root:EXPERIMENT ITERATION 16
INFO:root:Nº features post-selection = 656
INFO:root:Validation time = 258.78 seconds.
INFO:root:Best validation score (OvR AUC) = 0.813
INFO:root:Best model parameters after validation = {'max_depth': 24, 'n_estimators': 220}
INFO:root:Test score (OvR AUC) = 0.873
INFO:root:EXPERIMENT ITERATION 17
INFO:root:Nº features post-selection = 678
INFO:root:Validation time = 280.25 seconds.
INFO:root:Best validation score (OvR AUC) = 0.814
INFO:root:Best model parameters after validation = {'max_depth': 28, 'n_estimators': 310}
INFO:root:Test score (OvR AUC) = 0.822
INFO:root:EXPERIMENT ITERATION 18
INFO:root:Nº features post-selection = 669
INFO:root:Validation time = 276.32 seconds.
INFO:root:Best validation score (OvR AUC) = 0.827
INFO:root:Best model parameters after validation = {'max_depth': 32, 'n_estimators': 220}
INFO:root:Test score (OvR AUC) = 0.782
INFO:root:EXPERIMENT ITERATION 19
INFO:root:Nº features post-selection = 673
INFO:root:Validation time = 282.51 seconds.
INFO:root:Best validation score (OvR AUC) = 0.824
INFO:root:Best model parameters after validation = {'max_depth': 24, 'n_estimators': 390}
INFO:root:Test score (OvR AUC) = 0.801
INFO:root:EXPERIMENT ITERATION 20
INFO:root:Nº features post-selection = 671
INFO:root:Validation time = 280.16 seconds.
INFO:root:Best validation score (OvR AUC) = 0.834
INFO:root:Best model parameters after validation = {'max_depth': 32, 'n_estimators': 260}
INFO:root:Test score (OvR AUC) = 0.784
INFO:root:EXPERIMENT ITERATION 21
INFO:root:Nº features post-selection = 670
INFO:root:Validation time = 275.40 seconds.
INFO:root:Best validation score (OvR AUC) = 0.830
INFO:root:Best model parameters after validation = {'max_depth': 40, 'n_estimators': 270}
INFO:root:Test score (OvR AUC) = 0.822
INFO:root:EXPERIMENT ITERATION 22
INFO:root:Nº features post-selection = 673
INFO:root:Validation time = 282.68 seconds.
INFO:root:Best validation score (OvR AUC) = 0.821
INFO:root:Best model parameters after validation = {'max_depth': 24, 'n_estimators': 350}
INFO:root:Test score (OvR AUC) = 0.801
INFO:root:EXPERIMENT ITERATION 23
INFO:root:Nº features post-selection = 674
INFO:root:Validation time = 298.79 seconds.
INFO:root:Best validation score (OvR AUC) = 0.829
INFO:root:Best model parameters after validation = {'max_depth': 36, 'n_estimators': 300}
INFO:root:Test score (OvR AUC) = 0.781
INFO:root:EXPERIMENT ITERATION 24
INFO:root:Nº features post-selection = 670
INFO:root:Validation time = 280.56 seconds.
INFO:root:Best validation score (OvR AUC) = 0.830
INFO:root:Best model parameters after validation = {'max_depth': 40, 'n_estimators': 320}
INFO:root:Test score (OvR AUC) = 0.804
INFO:root:EXPERIMENT ITERATION 25
INFO:root:Nº features post-selection = 669
INFO:root:Validation time = 277.73 seconds.
INFO:root:Best validation score (OvR AUC) = 0.812
INFO:root:Best model parameters after validation = {'max_depth': 40, 'n_estimators': 280}
INFO:root:Test score (OvR AUC) = 0.809
INFO:root:EXPERIMENT ITERATION 26
INFO:root:Nº features post-selection = 665
INFO:root:Validation time = 275.77 seconds.
INFO:root:Best validation score (OvR AUC) = 0.833
INFO:root:Best model parameters after validation = {'max_depth': 36, 'n_estimators': 170}
INFO:root:Test score (OvR AUC) = 0.795
INFO:root:EXPERIMENT ITERATION 27
INFO:root:Nº features post-selection = 670
INFO:root:Validation time = 289.61 seconds.
INFO:root:Best validation score (OvR AUC) = 0.813
INFO:root:Best model parameters after validation = {'max_depth': 28, 'n_estimators': 360}
INFO:root:Test score (OvR AUC) = 0.819
INFO:root:EXPERIMENT ITERATION 28
INFO:root:Nº features post-selection = 673
INFO:root:Validation time = 313.37 seconds.
INFO:root:Best validation score (OvR AUC) = 0.833
INFO:root:Best model parameters after validation = {'max_depth': 36, 'n_estimators': 340}
INFO:root:Test score (OvR AUC) = 0.775
INFO:root:EXPERIMENT ITERATION 29
INFO:root:Nº features post-selection = 655
INFO:root:Validation time = 284.51 seconds.
INFO:root:Best validation score (OvR AUC) = 0.815
INFO:root:Best model parameters after validation = {'max_depth': 20, 'n_estimators': 310}
INFO:root:Test score (OvR AUC) = 0.734
INFO:root:EXPERIMENT ITERATION 30
INFO:root:Nº features post-selection = 664
INFO:root:Validation time = 267.81 seconds.
INFO:root:Best validation score (OvR AUC) = 0.824
INFO:root:Best model parameters after validation = {'max_depth': 40, 'n_estimators': 390}
INFO:root:Test score (OvR AUC) = 0.807
INFO:root:EXPERIMENT ITERATION 31
INFO:root:Nº features post-selection = 662
INFO:root:Validation time = 266.15 seconds.
INFO:root:Best validation score (OvR AUC) = 0.829
INFO:root:Best model parameters after validation = {'max_depth': 40, 'n_estimators': 280}
INFO:root:Test score (OvR AUC) = 0.775
INFO:root:EXPERIMENT ITERATION 32
INFO:root:Nº features post-selection = 661
INFO:root:Validation time = 312.65 seconds.
INFO:root:Best validation score (OvR AUC) = 0.827
INFO:root:Best model parameters after validation = {'max_depth': 36, 'n_estimators': 320}
INFO:root:Test score (OvR AUC) = 0.742
INFO:root:EXPERIMENT ITERATION 33
INFO:root:Nº features post-selection = 671
INFO:root:Validation time = 318.45 seconds.
INFO:root:Best validation score (OvR AUC) = 0.820
INFO:root:Best model parameters after validation = {'max_depth': 40, 'n_estimators': 400}
INFO:root:Test score (OvR AUC) = 0.818
INFO:root:EXPERIMENT ITERATION 34
INFO:root:Nº features post-selection = 662
INFO:root:Validation time = 271.67 seconds.
INFO:root:Best validation score (OvR AUC) = 0.824
INFO:root:Best model parameters after validation = {'max_depth': 40, 'n_estimators': 380}
INFO:root:Test score (OvR AUC) = 0.822
INFO:root:EXPERIMENT ITERATION 35
INFO:root:Nº features post-selection = 666
INFO:root:Validation time = 247.95 seconds.
INFO:root:Best validation score (OvR AUC) = 0.828
INFO:root:Best model parameters after validation = {'max_depth': 40, 'n_estimators': 400}
INFO:root:Test score (OvR AUC) = 0.767
INFO:root:EXPERIMENT ITERATION 36
INFO:root:Nº features post-selection = 671
INFO:root:Validation time = 287.58 seconds.
INFO:root:Best validation score (OvR AUC) = 0.827
INFO:root:Best model parameters after validation = {'max_depth': 28, 'n_estimators': 110}
INFO:root:Test score (OvR AUC) = 0.826
INFO:root:EXPERIMENT ITERATION 37
INFO:root:Nº features post-selection = 666
INFO:root:Validation time = 287.02 seconds.
INFO:root:Best validation score (OvR AUC) = 0.826
INFO:root:Best model parameters after validation = {'max_depth': 36, 'n_estimators': 380}
INFO:root:Test score (OvR AUC) = 0.812
INFO:root:EXPERIMENT ITERATION 38
INFO:root:Nº features post-selection = 662
INFO:root:Validation time = 364.33 seconds.
INFO:root:Best validation score (OvR AUC) = 0.824
INFO:root:Best model parameters after validation = {'max_depth': 40, 'n_estimators': 400}
INFO:root:Test score (OvR AUC) = 0.743
INFO:root:EXPERIMENT ITERATION 39
INFO:root:Nº features post-selection = 659
INFO:root:Validation time = 277.92 seconds.
INFO:root:Best validation score (OvR AUC) = 0.820
INFO:root:Best model parameters after validation = {'max_depth': 40, 'n_estimators': 340}
INFO:root:Test score (OvR AUC) = 0.782
INFO:root:EXPERIMENT ITERATION 40
INFO:root:Nº features post-selection = 674
INFO:root:Validation time = 239.40 seconds.
INFO:root:Best validation score (OvR AUC) = 0.833
INFO:root:Best model parameters after validation = {'max_depth': 32, 'n_estimators': 260}
INFO:root:Test score (OvR AUC) = 0.787
INFO:root:EXPERIMENT ITERATION 41
INFO:root:Nº features post-selection = 678
INFO:root:Validation time = 276.76 seconds.
INFO:root:Best validation score (OvR AUC) = 0.824
INFO:root:Best model parameters after validation = {'max_depth': 36, 'n_estimators': 210}
INFO:root:Test score (OvR AUC) = 0.790
INFO:root:EXPERIMENT ITERATION 42
INFO:root:Nº features post-selection = 674
INFO:root:Validation time = 269.67 seconds.
INFO:root:Best validation score (OvR AUC) = 0.830
INFO:root:Best model parameters after validation = {'max_depth': 40, 'n_estimators': 350}
INFO:root:Test score (OvR AUC) = 0.838
INFO:root:EXPERIMENT ITERATION 43
INFO:root:Nº features post-selection = 674
INFO:root:Validation time = 268.45 seconds.
INFO:root:Best validation score (OvR AUC) = 0.831
INFO:root:Best model parameters after validation = {'max_depth': 40, 'n_estimators': 290}
INFO:root:Test score (OvR AUC) = 0.797
INFO:root:EXPERIMENT ITERATION 44
INFO:root:Nº features post-selection = 668
INFO:root:Validation time = 277.88 seconds.
INFO:root:Best validation score (OvR AUC) = 0.830
INFO:root:Best model parameters after validation = {'max_depth': 40, 'n_estimators': 330}
INFO:root:Test score (OvR AUC) = 0.836
INFO:root:EXPERIMENT ITERATION 45
INFO:root:Nº features post-selection = 673
INFO:root:Validation time = 270.37 seconds.
INFO:root:Best validation score (OvR AUC) = 0.823
INFO:root:Best model parameters after validation = {'max_depth': 28, 'n_estimators': 360}
INFO:root:Test score (OvR AUC) = 0.835
INFO:root:EXPERIMENT ITERATION 46
INFO:root:Nº features post-selection = 675
INFO:root:Validation time = 284.71 seconds.
INFO:root:Best validation score (OvR AUC) = 0.829
INFO:root:Best model parameters after validation = {'max_depth': 32, 'n_estimators': 290}
INFO:root:Test score (OvR AUC) = 0.821
INFO:root:EXPERIMENT ITERATION 47
INFO:root:Nº features post-selection = 674
INFO:root:Validation time = 271.31 seconds.
INFO:root:Best validation score (OvR AUC) = 0.830
INFO:root:Best model parameters after validation = {'max_depth': 28, 'n_estimators': 390}
INFO:root:Test score (OvR AUC) = 0.747
INFO:root:EXPERIMENT ITERATION 48
INFO:root:Nº features post-selection = 669
INFO:root:Validation time = 266.42 seconds.
INFO:root:Best validation score (OvR AUC) = 0.829
INFO:root:Best model parameters after validation = {'max_depth': 36, 'n_estimators': 270}
INFO:root:Test score (OvR AUC) = 0.820
INFO:root:EXPERIMENT ITERATION 49
INFO:root:Nº features post-selection = 664
INFO:root:Validation time = 261.89 seconds.
INFO:root:Best validation score (OvR AUC) = 0.834
INFO:root:Best model parameters after validation = {'max_depth': 40, 'n_estimators': 320}
INFO:root:Test score (OvR AUC) = 0.794
INFO:root:EXPERIMENT ITERATION 50
INFO:root:Nº features post-selection = 659
INFO:root:Validation time = 271.60 seconds.
INFO:root:Best validation score (OvR AUC) = 0.824
INFO:root:Best model parameters after validation = {'max_depth': 36, 'n_estimators': 210}
INFO:root:Test score (OvR AUC) = 0.777
INFO:root:Average validation score (OvR AUC) = 0.8253056618481094
INFO:root:Average test score (OvR AUC) = 0.800539355038563
